[20/Dec/2018 17:11:19]INFO [main] Insertando:COD00000000000000112 Administrador de Sistemas y Redes
[20/Dec/2018 17:11:19]INFO [main] Insertando:COD00000000000000113 Administrativo
[20/Dec/2018 17:11:19]INFO [main] Insertando:COD00000000000000114 Analista Contable
[20/Dec/2018 17:11:19]INFO [main] Insertando:COD00000000000000115 Aseo
[20/Dec/2018 17:11:19]INFO [main] Insertando:COD00000000000000116 Asistente Científico
[20/Dec/2018 17:11:19]INFO [main] Insertando:COD00000000000000117 Asistente Gestión
[20/Dec/2018 17:11:19]INFO [main] Insertando:COD00000000000000118 Asistente Laboratorio
[20/Dec/2018 17:11:19]INFO [main] Insertando:COD00000000000000119 Asistente Producción
[20/Dec/2018 17:11:19]INFO [main] Insertando:COD00000000000000120 Asistente Recursos Humanos
[20/Dec/2018 17:11:19]INFO [main] Insertando:COD00000000000000121 Asistente de Investigación
[20/Dec/2018 17:11:19]INFO [main] Insertando:COD00000000000000122 Asistente de Laboratorio
[20/Dec/2018 17:11:19]INFO [main] Insertando:COD00000000000000123 Auxiliar Sala de Lavado
[20/Dec/2018 17:11:19]INFO [main] Insertando:COD00000000000000124 Auxiliar de Bioterio
[20/Dec/2018 17:11:19]INFO [main] Insertando:COD00000000000000125 CTO
[20/Dec/2018 17:11:19]INFO [main] Insertando:COD00000000000000126 Cargo
[20/Dec/2018 17:11:19]INFO [main] Insertando:COD00000000000000127 Cocinera
[20/Dec/2018 17:11:19]INFO [main] Insertando:COD00000000000000128 Contador
[20/Dec/2018 17:11:19]INFO [main] Insertando:COD00000000000000129 Contador General
[20/Dec/2018 17:11:19]INFO [main] Insertando:COD00000000000000130 Coordinador de Proyectos
[20/Dec/2018 17:11:19]INFO [main] Insertando:COD00000000000000131 Coordinadora
[20/Dec/2018 17:11:19]INFO [main] Insertando:COD00000000000000132 Coordinadora de Comunicaciones
[20/Dec/2018 17:11:19]INFO [main] Insertando:COD00000000000000133 Director Ejecutivo FCV
[20/Dec/2018 17:11:19]INFO [main] Insertando:COD00000000000000134 Director FCV
[20/Dec/2018 17:11:19]INFO [main] Insertando:COD00000000000000135 Directora
[20/Dec/2018 17:11:19]INFO [main] Insertando:COD00000000000000136 Directora de Investigación
[20/Dec/2018 17:11:19]INFO [main] Insertando:COD00000000000000137 Directora de Operaciones
[20/Dec/2018 17:11:19]INFO [main] Insertando:COD00000000000000138 Diseñadora Gráfico
[20/Dec/2018 17:11:19]INFO [main] Insertando:COD00000000000000139 Doctorado
[20/Dec/2018 17:11:19]INFO [main] Insertando:COD00000000000000140 Encargada RRHH
[20/Dec/2018 17:11:19]INFO [main] Insertando:COD00000000000000141 Encargada de Adquisiciones
[20/Dec/2018 17:11:19]INFO [main] Insertando:COD00000000000000142 Encargado Sala de Lavado
[20/Dec/2018 17:11:19]INFO [main] Insertando:COD00000000000000143 Encargado de Adquisiciones
[20/Dec/2018 17:11:19]INFO [main] Insertando:COD00000000000000144 Encargado de Producción
[20/Dec/2018 17:11:19]INFO [main] Insertando:COD00000000000000145 Estudiante de Doctorado
[20/Dec/2018 17:11:19]INFO [main] Insertando:COD00000000000000146 Estudiante de Pregrado
[20/Dec/2018 17:11:19]INFO [main] Insertando:COD00000000000000147 Estudiante en Unidad de Investigación/practica (Alemania)
[20/Dec/2018 17:11:19]INFO [main] Insertando:COD00000000000000148 Gerente Area
[20/Dec/2018 17:11:19]INFO [main] Insertando:COD00000000000000149 Gerente Comercial y de Operaciones
[20/Dec/2018 17:11:19]INFO [main] Insertando:COD00000000000000150 Gerente General
[20/Dec/2018 17:11:19]INFO [main] Insertando:COD00000000000000151 Gerente de Operaciones
[20/Dec/2018 17:11:19]INFO [main] Insertando:COD00000000000000152 Gerente de Vigilancia y Transferencia Tecnológica
[20/Dec/2018 17:11:19]INFO [main] Insertando:COD00000000000000153 Gestor Tenológico
[20/Dec/2018 17:11:19]INFO [main] Insertando:COD00000000000000154 Ingeniero Civil Industrial
[20/Dec/2018 17:11:19]INFO [main] Insertando:COD00000000000000155 Ingeniero de Procesos
[20/Dec/2018 17:11:19]INFO [main] Insertando:COD00000000000000156 Ingeniero en Bioprocesos
[20/Dec/2018 17:11:19]INFO [main] Insertando:COD00000000000000157 Investigador
[20/Dec/2018 17:11:19]INFO [main] Insertando:COD00000000000000158 Investigador Asociado
[20/Dec/2018 17:11:19]INFO [main] Insertando:COD00000000000000159 Investigador Científico
[20/Dec/2018 17:11:19]INFO [main] Insertando:COD00000000000000160 Investigador Senior
[20/Dec/2018 17:11:19]INFO [main] Insertando:COD00000000000000161 Jefe de Laboratorio
[20/Dec/2018 17:11:19]INFO [main] Insertando:COD00000000000000162 Lab Manager
[20/Dec/2018 17:11:19]INFO [main] Insertando:COD00000000000000163 Magíster
[20/Dec/2018 17:11:19]INFO [main] Insertando:COD00000000000000164 Mantención
[20/Dec/2018 17:11:19]INFO [main] Insertando:COD00000000000000165 Monitor Clínico
[20/Dec/2018 17:11:19]INFO [main] Insertando:COD00000000000000166 Nutricionista
[20/Dec/2018 17:11:19]INFO [main] Insertando:COD00000000000000167 Pasante
[20/Dec/2018 17:11:19]INFO [main] Insertando:COD00000000000000168 Pasante Doctorado
[20/Dec/2018 17:11:19]INFO [main] Insertando:COD00000000000000169 Periodista
[20/Dec/2018 17:11:19]INFO [main] Insertando:COD00000000000000170 Por definir - Negocios
[20/Dec/2018 17:11:19]INFO [main] Insertando:COD00000000000000171 Post-Doc Hinge
[20/Dec/2018 17:11:19]INFO [main] Insertando:COD00000000000000172 Post-Doctorado
[20/Dec/2018 17:11:19]INFO [main] Insertando:COD00000000000000173 Post-Doctorado Hinge
[20/Dec/2018 17:11:19]INFO [main] Insertando:COD00000000000000174 Practicante
[20/Dec/2018 17:11:19]INFO [main] Insertando:COD00000000000000175 Pregrado
[20/Dec/2018 17:11:19]INFO [main] Insertando:COD00000000000000176 Presidenta FCV
[20/Dec/2018 17:11:19]INFO [main] Insertando:COD00000000000000177 Principal Investigator
[20/Dec/2018 17:11:19]INFO [main] Insertando:COD00000000000000178 Programa Manager
[20/Dec/2018 17:11:19]INFO [main] Insertando:COD00000000000000179 Project Manager
[20/Dec/2018 17:11:19]INFO [main] Insertando:COD00000000000000180 Quality Assurance Manager
[20/Dec/2018 17:11:19]INFO [main] Insertando:COD00000000000000181 Recepcionista
[20/Dec/2018 17:11:19]INFO [main] Insertando:COD00000000000000182 Secretaria Doctorado/MR
[20/Dec/2018 17:11:19]INFO [main] Insertando:COD00000000000000183 Tesista
[20/Dec/2018 17:11:19]INFO [main] Insertando:COD00000000000000184 Tesista de Doctorado
[20/Dec/2018 17:11:19]INFO [main] Insertando:COD00000000000000185 Tesista de Magíster en Bioquimica
[20/Dec/2018 17:11:19]INFO [main] Insertando:COD00000000000000186 Técnico Bioterio
[20/Dec/2018 17:11:19]INFO [main] Insertando:COD00000000000000187 Técnico Médico
[20/Dec/2018 17:11:19]INFO [main] Insertando:COD00000000000000188 Técnico de Bioterio
[20/Dec/2018 17:11:19]INFO [main] Insertando:COD00000000000000189 Técnico de Laboratorio
[20/Dec/2018 17:42:41]INFO [main] Insertando:COD00000000000000190 Cargo
[21/Dec/2018 16:28:58]INFO [main] Insertando:COD00000000000000191 Tecnico Médico
